TN:
SF:src/components/jest_tests/testusers.js
FNF:0
FNH:0
DA:1,2
LF:1
LH:1
BRF:0
BRH:0
end_of_record
TN:
SF:src/components/templates/LoginForm.js
FN:8,(anonymous_0)
FN:21,(anonymous_1)
FN:25,(anonymous_2)
FN:28,(anonymous_3)
FN:55,(anonymous_4)
FN:63,(anonymous_5)
FNF:6
FNH:3
FNDA:3,(anonymous_0)
FNDA:1,(anonymous_1)
FNDA:2,(anonymous_2)
FNDA:0,(anonymous_3)
FNDA:0,(anonymous_4)
FNDA:0,(anonymous_5)
DA:8,1
DA:9,3
DA:10,3
DA:11,3
DA:12,3
DA:13,3
DA:21,3
DA:22,1
DA:23,1
DA:25,2
DA:26,1
DA:27,1
DA:28,1
DA:29,0
DA:31,1
DA:33,0
DA:34,0
DA:35,0
DA:37,0
DA:39,0
DA:43,3
DA:55,0
DA:63,0
LF:23
LH:15
BRDA:26,0,0,1
BRDA:26,0,1,0
BRDA:26,1,0,1
BRDA:26,1,1,0
BRF:4
BRH:2
end_of_record
TN:
SF:src/components/templates/MainPage.js
FN:4,(anonymous_0)
FNF:1
FNH:1
FNDA:1,(anonymous_0)
DA:4,1
DA:5,1
DA:6,1
DA:13,0
LF:4
LH:3
BRDA:5,0,0,1
BRDA:5,0,1,0
BRF:2
BRH:1
end_of_record
TN:
SF:src/components/templates/RegistrationForm.js
FN:8,(anonymous_0)
FN:37,(anonymous_1)
FN:42,(anonymous_2)
FN:78,(anonymous_3)
FN:99,(anonymous_4)
FN:109,(anonymous_5)
FN:118,(anonymous_6)
FNF:7
FNH:1
FNDA:1,(anonymous_0)
FNDA:0,(anonymous_1)
FNDA:0,(anonymous_2)
FNDA:0,(anonymous_3)
FNDA:0,(anonymous_4)
FNDA:0,(anonymous_5)
FNDA:0,(anonymous_6)
DA:8,1
DA:9,1
DA:10,1
DA:11,1
DA:12,1
DA:18,1
DA:19,1
DA:37,1
DA:38,0
DA:40,0
DA:41,0
DA:42,0
DA:43,0
DA:45,0
DA:53,0
DA:56,0
DA:58,0
DA:60,0
DA:61,0
DA:64,1
DA:78,0
DA:99,0
DA:109,0
DA:118,0
LF:24
LH:9
BRDA:40,0,0,0
BRDA:40,0,1,0
BRF:2
BRH:0
end_of_record
TN:
SF:src/components/utils/Notification.js
FN:4,(anonymous_0)
FNF:1
FNH:1
FNDA:4,(anonymous_0)
DA:4,2
DA:5,4
DA:6,1
DA:8,3
LF:4
LH:4
BRDA:5,0,0,1
BRDA:5,0,1,3
BRDA:5,1,0,4
BRDA:5,1,1,4
BRF:4
BRH:4
end_of_record
